<?xml version="1.0" encoding="UTF-8"?>
<testng-results skipped="0" failed="0" ignored="0" total="0" passed="0">
  <reporter-output>
  </reporter-output>
  <suite name="MapReduceTest" duration-ms="3" started-at="2017-05-01T15:43:51Z" finished-at="2017-05-01T15:43:51Z">
    <groups>
    </groups>
    <test name="Command line test" duration-ms="3" started-at="2017-05-01T15:43:51Z" finished-at="2017-05-01T15:43:51Z">
    </test> <!-- Command line test -->
  </suite> <!-- MapReduceTest -->
</testng-results>
